<?xml version="1.0" encoding="UTF-8"?>
<testsuites>
  <testsuite name="Feature" tests="44" assertions="209" errors="0" failures="0" skipped="0" time="3.619990">
    <testsuite name="Tests\Feature\BooksListTest" file="C:\Users\Akins\Desktop\mision11\tests\Feature\BookListTest.php" tests="7" assertions="100" errors="0" failures="0" skipped="0" time="2.629385">
      <testcase name="testResponseStructure" class="Tests\Feature\BooksListTest" classname="Tests.Feature.BooksListTest" file="C:\Users\Akins\Desktop\mision11\tests\Feature\BookListTest.php" line="14" assertions="76" time="2.336150"/>
      <testcase name="testListWithoutFilters" class="Tests\Feature\BooksListTest" classname="Tests.Feature.BooksListTest" file="C:\Users\Akins\Desktop\mision11\tests\Feature\BookListTest.php" line="68" assertions="2" time="0.088234"/>
      <testcase name="testTitleFilter" class="Tests\Feature\BooksListTest" classname="Tests.Feature.BooksListTest" file="C:\Users\Akins\Desktop\mision11\tests\Feature\BookListTest.php" line="88" assertions="4" time="0.031535"/>
      <testcase name="testAuthorsFilter" class="Tests\Feature\BooksListTest" classname="Tests.Feature.BooksListTest" file="C:\Users\Akins\Desktop\mision11\tests\Feature\BookListTest.php" line="105" assertions="6" time="0.037048"/>
      <testcase name="testTitleSort" class="Tests\Feature\BooksListTest" classname="Tests.Feature.BooksListTest" file="C:\Users\Akins\Desktop\mision11\tests\Feature\BookListTest.php" line="136" assertions="4" time="0.029013"/>
      <testcase name="testAvgReviewSort" class="Tests\Feature\BooksListTest" classname="Tests.Feature.BooksListTest" file="C:\Users\Akins\Desktop\mision11\tests\Feature\BookListTest.php" line="153" assertions="4" time="0.032691"/>
      <testcase name="testPagination" class="Tests\Feature\BooksListTest" classname="Tests.Feature.BooksListTest" file="C:\Users\Akins\Desktop\mision11\tests\Feature\BookListTest.php" line="184" assertions="4" time="0.074714"/>
    </testsuite>
    <testsuite name="Tests\Feature\BookPostTest" file="C:\Users\Akins\Desktop\mision11\tests\Feature\BookPostTest.php" tests="25" assertions="74" errors="0" failures="0" skipped="0" time="0.687676">
      <testcase name="testDenyGuestAccess" class="Tests\Feature\BookPostTest" classname="Tests.Feature.BookPostTest" file="C:\Users\Akins\Desktop\mision11\tests\Feature\BookPostTest.php" line="13" assertions="1" time="0.026075"/>
      <testcase name="testDenyNonAdminUserAccess" class="Tests\Feature\BookPostTest" classname="Tests.Feature.BookPostTest" file="C:\Users\Akins\Desktop\mision11\tests\Feature\BookPostTest.php" line="27" assertions="1" time="0.022469"/>
      <testcase name="testSuccessfulPost" class="Tests\Feature\BookPostTest" classname="Tests.Feature.BookPostTest" file="C:\Users\Akins\Desktop\mision11\tests\Feature\BookPostTest.php" line="44" assertions="6" time="0.037574"/>
      <testsuite name="Tests\Feature\BookPostTest::testValidation" tests="22" assertions="66" errors="0" failures="0" skipped="0" time="0.601558">
        <testcase name="testValidation with data set #0" class="Tests\Feature\BookPostTest" classname="Tests.Feature.BookPostTest" file="C:\Users\Akins\Desktop\mision11\tests\Feature\BookPostTest.php" line="71" assertions="3" time="0.026751"/>
        <testcase name="testValidation with data set #1" class="Tests\Feature\BookPostTest" classname="Tests.Feature.BookPostTest" file="C:\Users\Akins\Desktop\mision11\tests\Feature\BookPostTest.php" line="71" assertions="3" time="0.024981"/>
        <testcase name="testValidation with data set #2" class="Tests\Feature\BookPostTest" classname="Tests.Feature.BookPostTest" file="C:\Users\Akins\Desktop\mision11\tests\Feature\BookPostTest.php" line="71" assertions="3" time="0.027045"/>
        <testcase name="testValidation with data set #3" class="Tests\Feature\BookPostTest" classname="Tests.Feature.BookPostTest" file="C:\Users\Akins\Desktop\mision11\tests\Feature\BookPostTest.php" line="71" assertions="3" time="0.031309"/>
        <testcase name="testValidation with data set #4" class="Tests\Feature\BookPostTest" classname="Tests.Feature.BookPostTest" file="C:\Users\Akins\Desktop\mision11\tests\Feature\BookPostTest.php" line="71" assertions="3" time="0.025311"/>
        <testcase name="testValidation with data set #5" class="Tests\Feature\BookPostTest" classname="Tests.Feature.BookPostTest" file="C:\Users\Akins\Desktop\mision11\tests\Feature\BookPostTest.php" line="71" assertions="3" time="0.024266"/>
        <testcase name="testValidation with data set #6" class="Tests\Feature\BookPostTest" classname="Tests.Feature.BookPostTest" file="C:\Users\Akins\Desktop\mision11\tests\Feature\BookPostTest.php" line="71" assertions="3" time="0.024539"/>
        <testcase name="testValidation with data set #7" class="Tests\Feature\BookPostTest" classname="Tests.Feature.BookPostTest" file="C:\Users\Akins\Desktop\mision11\tests\Feature\BookPostTest.php" line="71" assertions="3" time="0.024948"/>
        <testcase name="testValidation with data set #8" class="Tests\Feature\BookPostTest" classname="Tests.Feature.BookPostTest" file="C:\Users\Akins\Desktop\mision11\tests\Feature\BookPostTest.php" line="71" assertions="3" time="0.024649"/>
        <testcase name="testValidation with data set #9" class="Tests\Feature\BookPostTest" classname="Tests.Feature.BookPostTest" file="C:\Users\Akins\Desktop\mision11\tests\Feature\BookPostTest.php" line="71" assertions="3" time="0.024830"/>
        <testcase name="testValidation with data set #10" class="Tests\Feature\BookPostTest" classname="Tests.Feature.BookPostTest" file="C:\Users\Akins\Desktop\mision11\tests\Feature\BookPostTest.php" line="71" assertions="3" time="0.024712"/>
        <testcase name="testValidation with data set #11" class="Tests\Feature\BookPostTest" classname="Tests.Feature.BookPostTest" file="C:\Users\Akins\Desktop\mision11\tests\Feature\BookPostTest.php" line="71" assertions="3" time="0.025385"/>
        <testcase name="testValidation with data set #12" class="Tests\Feature\BookPostTest" classname="Tests.Feature.BookPostTest" file="C:\Users\Akins\Desktop\mision11\tests\Feature\BookPostTest.php" line="71" assertions="3" time="0.024811"/>
        <testcase name="testValidation with data set #13" class="Tests\Feature\BookPostTest" classname="Tests.Feature.BookPostTest" file="C:\Users\Akins\Desktop\mision11\tests\Feature\BookPostTest.php" line="71" assertions="3" time="0.024962"/>
        <testcase name="testValidation with data set #14" class="Tests\Feature\BookPostTest" classname="Tests.Feature.BookPostTest" file="C:\Users\Akins\Desktop\mision11\tests\Feature\BookPostTest.php" line="71" assertions="3" time="0.031847"/>
        <testcase name="testValidation with data set #15" class="Tests\Feature\BookPostTest" classname="Tests.Feature.BookPostTest" file="C:\Users\Akins\Desktop\mision11\tests\Feature\BookPostTest.php" line="71" assertions="3" time="0.039079"/>
        <testcase name="testValidation with data set #16" class="Tests\Feature\BookPostTest" classname="Tests.Feature.BookPostTest" file="C:\Users\Akins\Desktop\mision11\tests\Feature\BookPostTest.php" line="71" assertions="3" time="0.026484"/>
        <testcase name="testValidation with data set #17" class="Tests\Feature\BookPostTest" classname="Tests.Feature.BookPostTest" file="C:\Users\Akins\Desktop\mision11\tests\Feature\BookPostTest.php" line="71" assertions="3" time="0.044521"/>
        <testcase name="testValidation with data set #18" class="Tests\Feature\BookPostTest" classname="Tests.Feature.BookPostTest" file="C:\Users\Akins\Desktop\mision11\tests\Feature\BookPostTest.php" line="71" assertions="3" time="0.025156"/>
        <testcase name="testValidation with data set #19" class="Tests\Feature\BookPostTest" classname="Tests.Feature.BookPostTest" file="C:\Users\Akins\Desktop\mision11\tests\Feature\BookPostTest.php" line="71" assertions="3" time="0.025401"/>
        <testcase name="testValidation with data set #20" class="Tests\Feature\BookPostTest" classname="Tests.Feature.BookPostTest" file="C:\Users\Akins\Desktop\mision11\tests\Feature\BookPostTest.php" line="71" assertions="3" time="0.026169"/>
        <testcase name="testValidation with data set #21" class="Tests\Feature\BookPostTest" classname="Tests.Feature.BookPostTest" file="C:\Users\Akins\Desktop\mision11\tests\Feature\BookPostTest.php" line="71" assertions="3" time="0.024403"/>
      </testsuite>
    </testsuite>
    <testsuite name="Tests\Feature\BookReviewTest" file="C:\Users\Akins\Desktop\mision11\tests\Feature\BookReviewTest.php" tests="12" assertions="35" errors="0" failures="0" skipped="0" time="0.302929">
      <testcase name="testDenyGuestAccess" class="Tests\Feature\BookReviewTest" classname="Tests.Feature.BookReviewTest" file="C:\Users\Akins\Desktop\mision11\tests\Feature\BookReviewTest.php" line="14" assertions="1" time="0.023155"/>
      <testcase name="testError404OnInvalidBookId" class="Tests\Feature\BookReviewTest" classname="Tests.Feature.BookReviewTest" file="C:\Users\Akins\Desktop\mision11\tests\Feature\BookReviewTest.php" line="26" assertions="1" time="0.023695"/>
      <testcase name="testSuccessfulPost" class="Tests\Feature\BookReviewTest" classname="Tests.Feature.BookReviewTest" file="C:\Users\Akins\Desktop\mision11\tests\Feature\BookReviewTest.php" line="40" assertions="6" time="0.026017"/>
      <testsuite name="Tests\Feature\BookReviewTest::testValidation" tests="9" assertions="27" errors="0" failures="0" skipped="0" time="0.230062">
        <testcase name="testValidation with data set #0" class="Tests\Feature\BookReviewTest" classname="Tests.Feature.BookReviewTest" file="C:\Users\Akins\Desktop\mision11\tests\Feature\BookReviewTest.php" line="77" assertions="3" time="0.030072"/>
        <testcase name="testValidation with data set #1" class="Tests\Feature\BookReviewTest" classname="Tests.Feature.BookReviewTest" file="C:\Users\Akins\Desktop\mision11\tests\Feature\BookReviewTest.php" line="77" assertions="3" time="0.028575"/>
        <testcase name="testValidation with data set #2" class="Tests\Feature\BookReviewTest" classname="Tests.Feature.BookReviewTest" file="C:\Users\Akins\Desktop\mision11\tests\Feature\BookReviewTest.php" line="77" assertions="3" time="0.024019"/>
        <testcase name="testValidation with data set #3" class="Tests\Feature\BookReviewTest" classname="Tests.Feature.BookReviewTest" file="C:\Users\Akins\Desktop\mision11\tests\Feature\BookReviewTest.php" line="77" assertions="3" time="0.024683"/>
        <testcase name="testValidation with data set #4" class="Tests\Feature\BookReviewTest" classname="Tests.Feature.BookReviewTest" file="C:\Users\Akins\Desktop\mision11\tests\Feature\BookReviewTest.php" line="77" assertions="3" time="0.024076"/>
        <testcase name="testValidation with data set #5" class="Tests\Feature\BookReviewTest" classname="Tests.Feature.BookReviewTest" file="C:\Users\Akins\Desktop\mision11\tests\Feature\BookReviewTest.php" line="77" assertions="3" time="0.026240"/>
        <testcase name="testValidation with data set #6" class="Tests\Feature\BookReviewTest" classname="Tests.Feature.BookReviewTest" file="C:\Users\Akins\Desktop\mision11\tests\Feature\BookReviewTest.php" line="77" assertions="3" time="0.024213"/>
        <testcase name="testValidation with data set #7" class="Tests\Feature\BookReviewTest" classname="Tests.Feature.BookReviewTest" file="C:\Users\Akins\Desktop\mision11\tests\Feature\BookReviewTest.php" line="77" assertions="3" time="0.024280"/>
        <testcase name="testValidation with data set #8" class="Tests\Feature\BookReviewTest" classname="Tests.Feature.BookReviewTest" file="C:\Users\Akins\Desktop\mision11\tests\Feature\BookReviewTest.php" line="77" assertions="3" time="0.023904"/>
      </testsuite>
    </testsuite>
  </testsuite>
</testsuites>
